Info: Starting: Create block symbol file (.bsf)
Info: qsys-generate /home/esther/Downloads/demo_sys/demo_qsys_system.qsys --block-symbol-file --output-directory=/home/esther/Downloads/demo_sys/demo_qsys_system --family="Cyclone V" --part=5CSEMA5F31C6
Progress: Loading demo_sys/demo_qsys_system.qsys
Progress: Reading input file
Progress: Adding accel_core_0 [accel_core 1.0]
Progress: Parameterizing module accel_core_0
Progress: Adding clk_0 [clock_source 18.1]
Progress: Parameterizing module clk_0
Progress: Adding jtag_uart_0 [altera_avalon_jtag_uart 18.1]
Progress: Parameterizing module jtag_uart_0
Progress: Adding new_sdram_controller_0 [altera_avalon_new_sdram_controller 18.1]
Progress: Parameterizing module new_sdram_controller_0
Progress: Adding nios2_gen2_0 [altera_nios2_gen2 18.1]
Progress: Parameterizing module nios2_gen2_0
Progress: Adding pll_0 [altera_pll 18.1]
Progress: Parameterizing module pll_0
Progress: Building connections
Progress: Parameterizing connections
Progress: Validating
Progress: Done reading input file
Info: demo_qsys_system.jtag_uart_0: JTAG UART IP input clock need to be at least double (2x) the operating frequency of JTAG TCK on board
Info: demo_qsys_system.new_sdram_controller_0: SDRAM Controller will only be supported in Quartus Prime Standard Edition in the future release.
Info: demo_qsys_system.pll_0: The legal reference clock frequency is 5.0 MHz..800.0 MHz
Info: demo_qsys_system.pll_0: Able to implement PLL with user settings
Info: qsys-generate succeeded.
Info: Finished: Create block symbol file (.bsf)
Info: 
Info: Starting: Create HDL design files for synthesis
Info: qsys-generate /home/esther/Downloads/demo_sys/demo_qsys_system.qsys --synthesis=VERILOG --output-directory=/home/esther/Downloads/demo_sys/demo_qsys_system/synthesis --family="Cyclone V" --part=5CSEMA5F31C6
Progress: Loading demo_sys/demo_qsys_system.qsys
Progress: Reading input file
Progress: Adding accel_core_0 [accel_core 1.0]
Progress: Parameterizing module accel_core_0
Progress: Adding clk_0 [clock_source 18.1]
Progress: Parameterizing module clk_0
Progress: Adding jtag_uart_0 [altera_avalon_jtag_uart 18.1]
Progress: Parameterizing module jtag_uart_0
Progress: Adding new_sdram_controller_0 [altera_avalon_new_sdram_controller 18.1]
Progress: Parameterizing module new_sdram_controller_0
Progress: Adding nios2_gen2_0 [altera_nios2_gen2 18.1]
Progress: Parameterizing module nios2_gen2_0
Progress: Adding pll_0 [altera_pll 18.1]
Progress: Parameterizing module pll_0
Progress: Building connections
Progress: Parameterizing connections
Progress: Validating
Progress: Done reading input file
Info: demo_qsys_system.jtag_uart_0: JTAG UART IP input clock need to be at least double (2x) the operating frequency of JTAG TCK on board
Info: demo_qsys_system.new_sdram_controller_0: SDRAM Controller will only be supported in Quartus Prime Standard Edition in the future release.
Info: demo_qsys_system.pll_0: The legal reference clock frequency is 5.0 MHz..800.0 MHz
Info: demo_qsys_system.pll_0: Able to implement PLL with user settings
Info: demo_qsys_system: Generating demo_qsys_system "demo_qsys_system" for QUARTUS_SYNTH
Info: accel_core_0: "demo_qsys_system" instantiated accel_core "accel_core_0"
Info: jtag_uart_0: Starting RTL generation for module 'demo_qsys_system_jtag_uart_0'
Info: jtag_uart_0:   Generation command is [exec /home/esther/intelFPGA_lite/18.1/quartus/linux64/perl/bin/perl -I /home/esther/intelFPGA_lite/18.1/quartus/linux64/perl/lib -I /home/esther/intelFPGA_lite/18.1/quartus/sopc_builder/bin/europa -I /home/esther/intelFPGA_lite/18.1/quartus/sopc_builder/bin/perl_lib -I /home/esther/intelFPGA_lite/18.1/quartus/sopc_builder/bin -I /home/esther/intelFPGA_lite/18.1/quartus/../ip/altera/sopc_builder_ip/common -I /home/esther/intelFPGA_lite/18.1/quartus/../ip/altera/sopc_builder_ip/altera_avalon_jtag_uart -- /home/esther/intelFPGA_lite/18.1/quartus/../ip/altera/sopc_builder_ip/altera_avalon_jtag_uart/generate_rtl.pl --name=demo_qsys_system_jtag_uart_0 --dir=/tmp/alt9108_6323834758311550827.dir/0003_jtag_uart_0_gen/ --quartus_dir=/home/esther/intelFPGA_lite/18.1/quartus --verilog --config=/tmp/alt9108_6323834758311550827.dir/0003_jtag_uart_0_gen//demo_qsys_system_jtag_uart_0_component_configuration.pl  --do_build_sim=0  ]
Info: jtag_uart_0: Done RTL generation for module 'demo_qsys_system_jtag_uart_0'
Info: jtag_uart_0: "demo_qsys_system" instantiated altera_avalon_jtag_uart "jtag_uart_0"
Info: new_sdram_controller_0: Starting RTL generation for module 'demo_qsys_system_new_sdram_controller_0'
Info: new_sdram_controller_0:   Generation command is [exec /home/esther/intelFPGA_lite/18.1/quartus/linux64/perl/bin/perl -I /home/esther/intelFPGA_lite/18.1/quartus/linux64/perl/lib -I /home/esther/intelFPGA_lite/18.1/quartus/sopc_builder/bin/europa -I /home/esther/intelFPGA_lite/18.1/quartus/sopc_builder/bin/perl_lib -I /home/esther/intelFPGA_lite/18.1/quartus/sopc_builder/bin -I /home/esther/intelFPGA_lite/18.1/quartus/../ip/altera/sopc_builder_ip/common -I /home/esther/intelFPGA_lite/18.1/quartus/../ip/altera/sopc_builder_ip/altera_avalon_new_sdram_controller -- /home/esther/intelFPGA_lite/18.1/quartus/../ip/altera/sopc_builder_ip/altera_avalon_new_sdram_controller/generate_rtl.pl --name=demo_qsys_system_new_sdram_controller_0 --dir=/tmp/alt9108_6323834758311550827.dir/0004_new_sdram_controller_0_gen/ --quartus_dir=/home/esther/intelFPGA_lite/18.1/quartus --verilog --config=/tmp/alt9108_6323834758311550827.dir/0004_new_sdram_controller_0_gen//demo_qsys_system_new_sdram_controller_0_component_configuration.pl  --do_build_sim=0  ]
Info: new_sdram_controller_0: Done RTL generation for module 'demo_qsys_system_new_sdram_controller_0'
Info: new_sdram_controller_0: "demo_qsys_system" instantiated altera_avalon_new_sdram_controller "new_sdram_controller_0"
Info: nios2_gen2_0: "demo_qsys_system" instantiated altera_nios2_gen2 "nios2_gen2_0"
Info: pll_0: "demo_qsys_system" instantiated altera_pll "pll_0"
Info: avalon_st_adapter: Inserting error_adapter: error_adapter_0
Info: avalon_st_adapter_001: Inserting error_adapter: error_adapter_0
Info: avalon_st_adapter_002: Inserting error_adapter: error_adapter_0
Info: avalon_st_adapter_003: Inserting error_adapter: error_adapter_0
Info: mm_interconnect_0: "demo_qsys_system" instantiated altera_mm_interconnect "mm_interconnect_0"
Info: irq_mapper: "demo_qsys_system" instantiated altera_irq_mapper "irq_mapper"
Info: rst_controller: "demo_qsys_system" instantiated altera_reset_controller "rst_controller"
Info: cpu: Starting RTL generation for module 'demo_qsys_system_nios2_gen2_0_cpu'
Info: cpu:   Generation command is [exec /home/esther/intelFPGA_lite/18.1/quartus/linux64//eperlcmd -I /home/esther/intelFPGA_lite/18.1/quartus/linux64//perl/lib -I /home/esther/intelFPGA_lite/18.1/quartus/sopc_builder/bin/europa -I /home/esther/intelFPGA_lite/18.1/quartus/sopc_builder/bin/perl_lib -I /home/esther/intelFPGA_lite/18.1/quartus/sopc_builder/bin -I /home/esther/intelFPGA_lite/18.1/quartus/../ip/altera/nios2_ip/altera_nios2_gen2/cpu_lib -I /home/esther/intelFPGA_lite/18.1/quartus/../ip/altera/nios2_ip/altera_nios2_gen2/nios_lib -I /home/esther/intelFPGA_lite/18.1/quartus/../ip/altera/nios2_ip/altera_nios2_gen2 -I /home/esther/intelFPGA_lite/18.1/quartus/../ip/altera/nios2_ip/altera_nios2_gen2 -- /home/esther/intelFPGA_lite/18.1/quartus/../ip/altera/nios2_ip/altera_nios2_gen2/generate_rtl.epl --name=demo_qsys_system_nios2_gen2_0_cpu --dir=/tmp/alt9108_6323834758311550827.dir/0008_cpu_gen/ --quartus_bindir=/home/esther/intelFPGA_lite/18.1/quartus/linux64/ --verilog --config=/tmp/alt9108_6323834758311550827.dir/0008_cpu_gen//demo_qsys_system_nios2_gen2_0_cpu_processor_configuration.pl  --do_build_sim=0  ]
Info: cpu: # 2022.04.25 19:10:56 (*) Starting Nios II generation
Info: cpu: # 2022.04.25 19:10:56 (*)   Checking for plaintext license.
Info: cpu: # 2022.04.25 19:10:57 (*)   Couldn't query license setup in Quartus directory /home/esther/intelFPGA_lite/18.1/quartus/linux64/
Info: cpu: # 2022.04.25 19:10:57 (*)   Defaulting to contents of LM_LICENSE_FILE environment variable
Info: cpu: # 2022.04.25 19:10:57 (*)   LM_LICENSE_FILE environment variable is empty
Info: cpu: # 2022.04.25 19:10:57 (*)   Plaintext license not found.
Info: cpu: # 2022.04.25 19:10:57 (*)   No license required to generate encrypted Nios II/e.
Info: cpu: # 2022.04.25 19:10:57 (*)   Elaborating CPU configuration settings
Info: cpu: # 2022.04.25 19:10:57 (*)   Creating all objects for CPU
Info: cpu: # 2022.04.25 19:10:57 (*)   Generating RTL from CPU objects
Info: cpu: # 2022.04.25 19:10:57 (*)   Creating plain-text RTL
Info: cpu: # 2022.04.25 19:10:58 (*) Done Nios II generation
Info: cpu: Done RTL generation for module 'demo_qsys_system_nios2_gen2_0_cpu'
Info: cpu: "nios2_gen2_0" instantiated altera_nios2_gen2_unit "cpu"
Info: accel_core_0_avalon_master_translator: "mm_interconnect_0" instantiated altera_merlin_master_translator "accel_core_0_avalon_master_translator"
Info: new_sdram_controller_0_s1_translator: "mm_interconnect_0" instantiated altera_merlin_slave_translator "new_sdram_controller_0_s1_translator"
Info: accel_core_0_avalon_master_agent: "mm_interconnect_0" instantiated altera_merlin_master_agent "accel_core_0_avalon_master_agent"
Info: new_sdram_controller_0_s1_agent: "mm_interconnect_0" instantiated altera_merlin_slave_agent "new_sdram_controller_0_s1_agent"
Info: new_sdram_controller_0_s1_agent_rsp_fifo: "mm_interconnect_0" instantiated altera_avalon_sc_fifo "new_sdram_controller_0_s1_agent_rsp_fifo"
Info: router: "mm_interconnect_0" instantiated altera_merlin_router "router"
Info: router_001: "mm_interconnect_0" instantiated altera_merlin_router "router_001"
Info: router_002: "mm_interconnect_0" instantiated altera_merlin_router "router_002"
Info: router_003: "mm_interconnect_0" instantiated altera_merlin_router "router_003"
Info: router_004: "mm_interconnect_0" instantiated altera_merlin_router "router_004"
Info: router_005: "mm_interconnect_0" instantiated altera_merlin_router "router_005"
Info: new_sdram_controller_0_s1_burst_adapter: "mm_interconnect_0" instantiated altera_merlin_burst_adapter "new_sdram_controller_0_s1_burst_adapter"
Info: cmd_demux: "mm_interconnect_0" instantiated altera_merlin_demultiplexer "cmd_demux"
Info: cmd_demux_001: "mm_interconnect_0" instantiated altera_merlin_demultiplexer "cmd_demux_001"
Info: cmd_demux_002: "mm_interconnect_0" instantiated altera_merlin_demultiplexer "cmd_demux_002"
Info: cmd_mux: "mm_interconnect_0" instantiated altera_merlin_multiplexer "cmd_mux"
Info: cmd_mux_001: "mm_interconnect_0" instantiated altera_merlin_multiplexer "cmd_mux_001"
Info: Reusing file /home/esther/Downloads/demo_sys/demo_qsys_system/synthesis/submodules/altera_merlin_arbitrator.sv
Info: cmd_mux_002: "mm_interconnect_0" instantiated altera_merlin_multiplexer "cmd_mux_002"
Info: Reusing file /home/esther/Downloads/demo_sys/demo_qsys_system/synthesis/submodules/altera_merlin_arbitrator.sv
Info: rsp_demux: "mm_interconnect_0" instantiated altera_merlin_demultiplexer "rsp_demux"
Info: rsp_mux: "mm_interconnect_0" instantiated altera_merlin_multiplexer "rsp_mux"
Info: Reusing file /home/esther/Downloads/demo_sys/demo_qsys_system/synthesis/submodules/altera_merlin_arbitrator.sv
Info: rsp_mux_001: "mm_interconnect_0" instantiated altera_merlin_multiplexer "rsp_mux_001"
Info: Reusing file /home/esther/Downloads/demo_sys/demo_qsys_system/synthesis/submodules/altera_merlin_arbitrator.sv
Info: rsp_mux_002: "mm_interconnect_0" instantiated altera_merlin_multiplexer "rsp_mux_002"
Info: Reusing file /home/esther/Downloads/demo_sys/demo_qsys_system/synthesis/submodules/altera_merlin_arbitrator.sv
Info: new_sdram_controller_0_s1_rsp_width_adapter: "mm_interconnect_0" instantiated altera_merlin_width_adapter "new_sdram_controller_0_s1_rsp_width_adapter"
Info: Reusing file /home/esther/Downloads/demo_sys/demo_qsys_system/synthesis/submodules/altera_merlin_address_alignment.sv
Info: Reusing file /home/esther/Downloads/demo_sys/demo_qsys_system/synthesis/submodules/altera_merlin_burst_uncompressor.sv
Info: avalon_st_adapter: "mm_interconnect_0" instantiated altera_avalon_st_adapter "avalon_st_adapter"
Info: avalon_st_adapter_001: "mm_interconnect_0" instantiated altera_avalon_st_adapter "avalon_st_adapter_001"
Info: error_adapter_0: "avalon_st_adapter" instantiated error_adapter "error_adapter_0"
Info: error_adapter_0: "avalon_st_adapter_001" instantiated error_adapter "error_adapter_0"
Info: demo_qsys_system: Done "demo_qsys_system" with 37 modules, 59 files
Info: qsys-generate succeeded.
Info: Finished: Create HDL design files for synthesis
